<?xml version="1.0" encoding="UTF-8"?>
<!-- Generated by org.testng.reporters.JUnitReportReporter -->
<testsuite hostname="PNVL38" name="Selenium.BT1_Register" tests="6" failures="0" timestamp="11 Jan 2022 16:32:13 GMT" time="14.229" errors="0">
  <testcase name="TC02_Register_Invalid_Email" time="1.458" classname="Selenium.BT1_Register"/>
  <testcase name="TC_05_Register_Incorrect_Password" time="1.327" classname="Selenium.BT1_Register"/>
  <testcase name="TC01_Register_Empty" time="7.054" classname="Selenium.BT1_Register"/>
  <testcase name="TC_03_Register_IncorrectConfirm_Email" time="1.327" classname="Selenium.BT1_Register"/>
  <testcase name="TC_06_Register_Invalid_Phone" time="1.758" classname="Selenium.BT1_Register"/>
  <testcase name="TC04_Register_Password_Less_Than_6_Chars" time="1.305" classname="Selenium.BT1_Register"/>
</testsuite> <!-- Selenium.BT1_Register -->
